{"sessionId":"90d1b0","runId":"initial","hypothesisId":"H1","location":"config/database.php:42","message":"database connection failed","data":{"host":"localhost","database":"gamebase","errorType":"PDOException","errorCode":"1045","errorMessage":"SQLSTATE[HY000] [1045] Access denied for user 'root'@'localhost' (using password: YES)"},"timestamp":1780769856351}
{"sessionId":"90d1b0","runId":"initial","hypothesisId":"H1","location":"config/database.php:34","message":"database connection established","data":{"host":"localhost","database":"gamebase","charset":"utf8mb4"},"timestamp":1780770012360}
{"sessionId":"90d1b0","runId":"initial","hypothesisId":"H3","location":"index.php:215","message":"dispatching route","data":{"page":"home","method":"GET","loggedIn":false,"userType":"guest","hasRememberCookie":false},"timestamp":1780770012360}
{"sessionId":"90d1b0","runId":"initial","hypothesisId":"H1","location":"config/database.php:34","message":"database connection established","data":{"host":"localhost","database":"gamebase","charset":"utf8mb4"},"timestamp":1780770794279}
{"sessionId":"90d1b0","runId":"initial","hypothesisId":"H3","location":"index.php:215","message":"dispatching route","data":{"page":"home","method":"GET","loggedIn":false,"userType":"guest","hasRememberCookie":false},"timestamp":1780770794280}
{"sessionId":"90d1b0","runId":"initial","hypothesisId":"H1","location":"config/database.php:34","message":"database connection established","data":{"host":"localhost","database":"gamebase","charset":"utf8mb4"},"timestamp":1780770795372}
{"sessionId":"90d1b0","runId":"initial","hypothesisId":"H3","location":"index.php:215","message":"dispatching route","data":{"page":"home","method":"GET","loggedIn":false,"userType":"guest","hasRememberCookie":false},"timestamp":1780770795373}
{"sessionId":"90d1b0","runId":"initial","hypothesisId":"H1","location":"config/database.php:34","message":"database connection established","data":{"host":"localhost","database":"gamebase","charset":"utf8mb4"},"timestamp":1780771222540}
{"sessionId":"90d1b0","runId":"initial","hypothesisId":"H3","location":"index.php:215","message":"dispatching route","data":{"page":"home","method":"GET","loggedIn":false,"userType":"guest","hasRememberCookie":false},"timestamp":1780771222540}
{"sessionId":"90d1b0","runId":"initial","hypothesisId":"H1","location":"config/database.php:34","message":"database connection established","data":{"host":"localhost","database":"gamebase","charset":"utf8mb4"},"timestamp":1780771252063}
{"sessionId":"90d1b0","runId":"initial","hypothesisId":"H3","location":"index.php:215","message":"dispatching route","data":{"page":"home","method":"GET","loggedIn":false,"userType":"guest","hasRememberCookie":false},"timestamp":1780771252064}
{"sessionId":"90d1b0","runId":"initial","hypothesisId":"H1","location":"config/database.php:34","message":"database connection established","data":{"host":"localhost","database":"gamebase","charset":"utf8mb4"},"timestamp":1780771425828}
{"sessionId":"90d1b0","runId":"initial","hypothesisId":"H3","location":"index.php:215","message":"dispatching route","data":{"page":"detalhes","method":"GET","loggedIn":false,"userType":"guest","hasRememberCookie":false},"timestamp":1780771425828}
{"sessionId":"90d1b0","runId":"initial","hypothesisId":"H1","location":"config/database.php:34","message":"database connection established","data":{"host":"localhost","database":"gamebase","charset":"utf8mb4"},"timestamp":1780771428347}
{"sessionId":"90d1b0","runId":"initial","hypothesisId":"H3","location":"index.php:215","message":"dispatching route","data":{"page":"detalhes","method":"GET","loggedIn":false,"userType":"guest","hasRememberCookie":false},"timestamp":1780771428348}
{"sessionId":"90d1b0","runId":"initial","hypothesisId":"H1","location":"config/database.php:34","message":"database connection established","data":{"host":"localhost","database":"gamebase","charset":"utf8mb4"},"timestamp":1780771433686}
{"sessionId":"90d1b0","runId":"initial","hypothesisId":"H3","location":"index.php:215","message":"dispatching route","data":{"page":"catalogo","method":"GET","loggedIn":false,"userType":"guest","hasRememberCookie":false},"timestamp":1780771433686}
{"sessionId":"90d1b0","runId":"initial","hypothesisId":"H1","location":"config/database.php:34","message":"database connection established","data":{"host":"localhost","database":"gamebase","charset":"utf8mb4"},"timestamp":1780771436740}
{"sessionId":"90d1b0","runId":"initial","hypothesisId":"H3","location":"index.php:215","message":"dispatching route","data":{"page":"detalhes","method":"GET","loggedIn":false,"userType":"guest","hasRememberCookie":false},"timestamp":1780771436741}
{"sessionId":"90d1b0","runId":"initial","hypothesisId":"H1","location":"config/database.php:34","message":"database connection established","data":{"host":"localhost","database":"gamebase","charset":"utf8mb4"},"timestamp":1780771440975}
{"sessionId":"90d1b0","runId":"initial","hypothesisId":"H3","location":"index.php:215","message":"dispatching route","data":{"page":"login","method":"GET","loggedIn":false,"userType":"guest","hasRememberCookie":false},"timestamp":1780771440975}
{"sessionId":"90d1b0","runId":"initial","hypothesisId":"H1","location":"config/database.php:34","message":"database connection established","data":{"host":"localhost","database":"gamebase","charset":"utf8mb4"},"timestamp":1780771449029}
{"sessionId":"90d1b0","runId":"initial","hypothesisId":"H3","location":"index.php:215","message":"dispatching route","data":{"page":"home","method":"GET","loggedIn":false,"userType":"guest","hasRememberCookie":false},"timestamp":1780771449029}
{"sessionId":"90d1b0","runId":"initial","hypothesisId":"H1","location":"config/database.php:34","message":"database connection established","data":{"host":"localhost","database":"gamebase","charset":"utf8mb4"},"timestamp":1780771460535}
{"sessionId":"90d1b0","runId":"initial","hypothesisId":"H3","location":"index.php:215","message":"dispatching route","data":{"page":"home","method":"GET","loggedIn":false,"userType":"guest","hasRememberCookie":false},"timestamp":1780771460535}
